0 info it worked if it ends with ok
1 verbose cli [ '/home/mike/.nvm/versions/node/v4.6.1/bin/node',
1 verbose cli   '/home/mike/.nvm/versions/node/v4.6.1/bin/npm',
1 verbose cli   'run',
1 verbose cli   'webpack' ]
2 info using npm@2.15.9
3 info using node@v4.6.1
4 verbose stack Error: ENOENT: no such file or directory, open '/home/mike/coffee-stain-prototype/package.json'
4 verbose stack     at Error (native)
5 verbose cwd /home/mike/coffee-stain-prototype
6 error Linux 4.4.0-72-generic
7 error argv "/home/mike/.nvm/versions/node/v4.6.1/bin/node" "/home/mike/.nvm/versions/node/v4.6.1/bin/npm" "run" "webpack"
8 error node v4.6.1
9 error npm  v2.15.9
10 error path /home/mike/coffee-stain-prototype/package.json
11 error code ENOENT
12 error errno -2
13 error syscall open
14 error enoent ENOENT: no such file or directory, open '/home/mike/coffee-stain-prototype/package.json'
14 error enoent This is most likely not a problem with npm itself
14 error enoent and is related to npm not being able to find a file.
15 verbose exit [ -2, true ]
